<?xml version="1.0" encoding="UTF-8"?>
<testsuites>
  <testsuite name="Login Type 01" timestamp="2023-02-19T01:19:26" time="0.781" tests="1" failures="0" errors="0" skipped="0">
    <properties>
      <property name="specId" value="0"/>
      <property name="suiteName" value="Login Type 01"/>
      <property name="capabilities" value="chrome.110_0_5481_100.macosx"/>
      <property name="file" value="file://./src/test-scripts/Login_Type_1.js"/>
    </properties>
    <testcase classname="chrome.110_0_5481_100.macosx.Login_Type_01" name="Login to the Page" time="0.018">
      <system-out><![CDATA[
COMMAND: POST /session/c28105d9e6dc9b8065a472b3da6df189/element - {"using":"css selector","value":"#username"}
COMMAND: POST /session/c28105d9e6dc9b8065a472b3da6df189/element - {"using":"css selector","value":"#username"}
COMMAND: POST /session/c28105d9e6dc9b8065a472b3da6df189/element - {"using":"css selector","value":"#password"}
COMMAND: POST /session/c28105d9e6dc9b8065a472b3da6df189/element - {"using":"css selector","value":"[type=\"submit\"]"}
COMMAND: POST /session/c28105d9e6dc9b8065a472b3da6df189/url - {"url":"https://the-internet.herokuapp.com/login"}
RESULT: {"using":"css selector","value":"#username"}
RESULT: {"using":"css selector","value":"#username"}
COMMAND: POST /session/c28105d9e6dc9b8065a472b3da6df189/elements - {"using":"css selector","value":"#username"}
RESULT: {"using":"css selector","value":"#password"}
COMMAND: POST /session/c28105d9e6dc9b8065a472b3da6df189/elements - {"using":"css selector","value":"#password"}
RESULT: {"using":"css selector","value":"[type=\"submit\"]"}
COMMAND: POST /session/c28105d9e6dc9b8065a472b3da6df189/elements - {"using":"css selector","value":"[type=\"submit\"]"}
COMMAND: DELETE /session/c28105d9e6dc9b8065a472b3da6df189 - {}
RESULT: {"url":"https://the-internet.herokuapp.com/login"}
RESULT: {"using":"css selector","value":"#username"}
COMMAND: POST /session/c28105d9e6dc9b8065a472b3da6df189/element - {"using":"css selector","value":"#username"}
RESULT: {"using":"css selector","value":"#password"}
COMMAND: POST /session/c28105d9e6dc9b8065a472b3da6df189/element - {"using":"css selector","value":"#password"}
RESULT: {"using":"css selector","value":"[type=\"submit\"]"}
COMMAND: POST /session/c28105d9e6dc9b8065a472b3da6df189/element - {"using":"css selector","value":"[type=\"submit\"]"}
RESULT: {}
]]></system-out>
    </testcase>
  </testsuite>
</testsuites>